# JRE version: OpenJDK Runtime Environment Temurin-21.0.5+11 (21.0.5+11) (build 21.0.5+11-LTS)
# Java VM: OpenJDK 64-Bit Server VM Temurin-21.0.5+11 (21.0.5+11-LTS, mixed mode, sharing, tiered, compressed oops, compressed class ptrs, parallel gc, windows-amd64)
GC Precious Log:
 CardTable entry size: 512
 CPUs: 8 total, 8 available
 Memory: 24418M
 Large Page Support: Disabled
 NUMA Support: Disabled
 Compressed Oops: Enabled (32-bit)
 Alignments: Space 512K, Generation 512K, Heap 2M
 Heap Min Capacity: 100M
 Heap Initial Capacity: 100M
 Heap Max Capacity: 1G
 Pre-touch: Disabled
 Parallel Workers: 8
Heap:
 PSYoungGen      total 22528K, used 22101K [0x00000000eab00000, 0x00000000ec800000, 0x0000000100000000)
  eden space 22016K, 98% used [0x00000000eab00000,0x00000000ec03c8e8,0x00000000ec080000)
  from space 512K, 69% used [0x00000000ec780000,0x00000000ec7d8b18,0x00000000ec800000)
  to   space 1024K, 0% used [0x00000000ec600000,0x00000000ec600000,0x00000000ec700000)
 ParOldGen       total 68608K, used 43181K [0x00000000c0000000, 0x00000000c4300000, 0x00000000eab00000)
  object space 68608K, 62% used [0x00000000c0000000,0x00000000c2a2b7c8,0x00000000c4300000)
 Metaspace       used 55361K, committed 56704K, reserved 1114112K
  class space    used 5848K, committed 6464K, reserved 1048576K
GC Heap History (20 events):
Event: 12.920 GC heap before
{Heap before GC invocations=19 (full 2):
 PSYoungGen      total 24064K, used 23888K [0x00000000eab00000, 0x00000000ece00000, 0x0000000100000000)
  eden space 22016K, 100% used [0x00000000eab00000,0x00000000ec080000,0x00000000ec080000)
  from space 2048K, 91% used [0x00000000ecc00000,0x00000000ecdd4010,0x00000000ece00000)
  to   space 5120K, 0% used [0x00000000ec400000,0x00000000ec400000,0x00000000ec900000)
 ParOldGen       total 68608K, used 29737K [0x00000000c0000000, 0x00000000c4300000, 0x00000000eab00000)
  object space 68608K, 43% used [0x00000000c0000000,0x00000000c1d0a7d8,0x00000000c4300000)
 Metaspace       used 42221K, committed 43456K, reserved 1114112K
  class space    used 4416K, committed 4928K, reserved 1048576K
}
Event: 12.922 GC heap after
{Heap after GC invocations=19 (full 2):
 PSYoungGen      total 27136K, used 1088K [0x00000000eab00000, 0x00000000ecc80000, 0x0000000100000000)
  eden space 22016K, 0% used [0x00000000eab00000,0x00000000eab00000,0x00000000ec080000)
  from space 5120K, 21% used [0x00000000ec400000,0x00000000ec510000,0x00000000ec900000)
  to   space 2048K, 0% used [0x00000000eca80000,0x00000000eca80000,0x00000000ecc80000)
 ParOldGen       total 68608K, used 31393K [0x00000000c0000000, 0x00000000c4300000, 0x00000000eab00000)
  object space 68608K, 45% used [0x00000000c0000000,0x00000000c1ea87e8,0x00000000c4300000)
 Metaspace       used 42221K, committed 43456K, reserved 1114112K
  class space    used 4416K, committed 4928K, reserved 1048576K
}
Event: 13.415 GC heap before
{Heap before GC invocations=20 (full 2):
 PSYoungGen      total 27136K, used 23104K [0x00000000eab00000, 0x00000000ecc80000, 0x0000000100000000)
  eden space 22016K, 100% used [0x00000000eab00000,0x00000000ec080000,0x00000000ec080000)
  from space 5120K, 21% used [0x00000000ec400000,0x00000000ec510000,0x00000000ec900000)
  to   space 2048K, 0% used [0x00000000eca80000,0x00000000eca80000,0x00000000ecc80000)
 ParOldGen       total 68608K, used 31393K [0x00000000c0000000, 0x00000000c4300000, 0x00000000eab00000)
  object space 68608K, 45% used [0x00000000c0000000,0x00000000c1ea87e8,0x00000000c4300000)
 Metaspace       used 44757K, committed 46016K, reserved 1114112K
  class space    used 4746K, committed 5312K, reserved 1048576K
}
Event: 13.417 GC heap after
{Heap after GC invocations=20 (full 2):
 PSYoungGen      total 23552K, used 1408K [0x00000000eab00000, 0x00000000ecc00000, 0x0000000100000000)
  eden space 22016K, 0% used [0x00000000eab00000,0x00000000eab00000,0x00000000ec080000)
  from space 1536K, 91% used [0x00000000eca80000,0x00000000ecbe0000,0x00000000ecc00000)
  to   space 1536K, 0% used [0x00000000ec900000,0x00000000ec900000,0x00000000eca80000)
 ParOldGen       total 68608K, used 32337K [0x00000000c0000000, 0x00000000c4300000, 0x00000000eab00000)
  object space 68608K, 47% used [0x00000000c0000000,0x00000000c1f944e8,0x00000000c4300000)
 Metaspace       used 44757K, committed 46016K, reserved 1114112K
  class space    used 4746K, committed 5312K, reserved 1048576K
}
Event: 13.790 GC heap before
{Heap before GC invocations=21 (full 2):
 PSYoungGen      total 23552K, used 23422K [0x00000000eab00000, 0x00000000ecc00000, 0x0000000100000000)
  eden space 22016K, 99% used [0x00000000eab00000,0x00000000ec07f830,0x00000000ec080000)
  from space 1536K, 91% used [0x00000000eca80000,0x00000000ecbe0000,0x00000000ecc00000)
  to   space 1536K, 0% used [0x00000000ec900000,0x00000000ec900000,0x00000000eca80000)
 ParOldGen       total 68608K, used 32337K [0x00000000c0000000, 0x00000000c4300000, 0x00000000eab00000)
  object space 68608K, 47% used [0x00000000c0000000,0x00000000c1f944e8,0x00000000c4300000)
 Metaspace       used 46238K, committed 47488K, reserved 1114112K
  class space    used 4918K, committed 5440K, reserved 1048576K
}
Event: 13.795 GC heap after
{Heap after GC invocations=21 (full 2):
 PSYoungGen      total 23552K, used 1049K [0x00000000eab00000, 0x00000000ecb00000, 0x0000000100000000)
  eden space 22016K, 0% used [0x00000000eab00000,0x00000000eab00000,0x00000000ec080000)
  from space 1536K, 68% used [0x00000000ec900000,0x00000000eca06580,0x00000000eca80000)
  to   space 512K, 0% used [0x00000000eca80000,0x00000000eca80000,0x00000000ecb00000)
 ParOldGen       total 68608K, used 33537K [0x00000000c0000000, 0x00000000c4300000, 0x00000000eab00000)
  object space 68608K, 48% used [0x00000000c0000000,0x00000000c20c04e8,0x00000000c4300000)
 Metaspace       used 46238K, committed 47488K, reserved 1114112K
  class space    used 4918K, committed 5440K, reserved 1048576K
}
Event: 14.361 GC heap before
{Heap before GC invocations=22 (full 2):
 PSYoungGen      total 23552K, used 23065K [0x00000000eab00000, 0x00000000ecb00000, 0x0000000100000000)
  eden space 22016K, 100% used [0x00000000eab00000,0x00000000ec080000,0x00000000ec080000)
  from space 1536K, 68% used [0x00000000ec900000,0x00000000eca06580,0x00000000eca80000)
  to   space 512K, 0% used [0x00000000eca80000,0x00000000eca80000,0x00000000ecb00000)
 ParOldGen       total 68608K, used 33537K [0x00000000c0000000, 0x00000000c4300000, 0x00000000eab00000)
  object space 68608K, 48% used [0x00000000c0000000,0x00000000c20c04e8,0x00000000c4300000)
 Metaspace       used 48233K, committed 49536K, reserved 1114112K
  class space    used 5106K, committed 5632K, reserved 1048576K
}
Event: 14.364 GC heap after
{Heap after GC invocations=22 (full 2):
 PSYoungGen      total 22528K, used 504K [0x00000000eab00000, 0x00000000ecb00000, 0x0000000100000000)
  eden space 22016K, 0% used [0x00000000eab00000,0x00000000eab00000,0x00000000ec080000)
  from space 512K, 98% used [0x00000000eca80000,0x00000000ecafe1d8,0x00000000ecb00000)
  to   space 3072K, 0% used [0x00000000ec500000,0x00000000ec500000,0x00000000ec800000)
 ParOldGen       total 68608K, used 35464K [0x00000000c0000000, 0x00000000c4300000, 0x00000000eab00000)
  object space 68608K, 51% used [0x00000000c0000000,0x00000000c22a2078,0x00000000c4300000)
 Metaspace       used 48233K, committed 49536K, reserved 1114112K
  class space    used 5106K, committed 5632K, reserved 1048576K
}
Event: 14.605 GC heap before
{Heap before GC invocations=23 (full 2):
 PSYoungGen      total 22528K, used 22520K [0x00000000eab00000, 0x00000000ecb00000, 0x0000000100000000)
  eden space 22016K, 100% used [0x00000000eab00000,0x00000000ec080000,0x00000000ec080000)
  from space 512K, 98% used [0x00000000eca80000,0x00000000ecafe1d8,0x00000000ecb00000)
  to   space 3072K, 0% used [0x00000000ec500000,0x00000000ec500000,0x00000000ec800000)
 ParOldGen       total 68608K, used 35464K [0x00000000c0000000, 0x00000000c4300000, 0x00000000eab00000)
  object space 68608K, 51% used [0x00000000c0000000,0x00000000c22a2078,0x00000000c4300000)
 Metaspace       used 48368K, committed 49728K, reserved 1114112K
  class space    used 5127K, committed 5696K, reserved 1048576K
}
Event: 14.609 GC heap after
{Heap after GC invocations=23 (full 2):
 PSYoungGen      total 25088K, used 2065K [0x00000000eab00000, 0x00000000ecb00000, 0x0000000100000000)
  eden space 22016K, 0% used [0x00000000eab00000,0x00000000eab00000,0x00000000ec080000)
  from space 3072K, 67% used [0x00000000ec500000,0x00000000ec704410,0x00000000ec800000)
  to   space 2560K, 0% used [0x00000000ec880000,0x00000000ec880000,0x00000000ecb00000)
 ParOldGen       total 68608K, used 35967K [0x00000000c0000000, 0x00000000c4300000, 0x00000000eab00000)
  object space 68608K, 52% used [0x00000000c0000000,0x00000000c231ffb0,0x00000000c4300000)
 Metaspace       used 48368K, committed 49728K, reserved 1114112K
  class space    used 5127K, committed 5696K, reserved 1048576K
}
Event: 14.991 GC heap before
{Heap before GC invocations=24 (full 2):
 PSYoungGen      total 25088K, used 24081K [0x00000000eab00000, 0x00000000ecb00000, 0x0000000100000000)
  eden space 22016K, 100% used [0x00000000eab00000,0x00000000ec080000,0x00000000ec080000)
  from space 3072K, 67% used [0x00000000ec500000,0x00000000ec704410,0x00000000ec800000)
  to   space 2560K, 0% used [0x00000000ec880000,0x00000000ec880000,0x00000000ecb00000)
 ParOldGen       total 68608K, used 35967K [0x00000000c0000000, 0x00000000c4300000, 0x00000000eab00000)
  object space 68608K, 52% used [0x00000000c0000000,0x00000000c231ffb0,0x00000000c4300000)
 Metaspace       used 48419K, committed 49728K, reserved 1114112K
  class space    used 5128K, committed 5696K, reserved 1048576K
}
Event: 14.996 GC heap after
{Heap after GC invocations=24 (full 2):
 PSYoungGen      total 24576K, used 2050K [0x00000000eab00000, 0x00000000ecb00000, 0x0000000100000000)
  eden space 22016K, 0% used [0x00000000eab00000,0x00000000eab00000,0x00000000ec080000)
  from space 2560K, 80% used [0x00000000ec880000,0x00000000eca80800,0x00000000ecb00000)
  to   space 2560K, 0% used [0x00000000ec600000,0x00000000ec600000,0x00000000ec880000)
 ParOldGen       total 68608K, used 37839K [0x00000000c0000000, 0x00000000c4300000, 0x00000000eab00000)
  object space 68608K, 55% used [0x00000000c0000000,0x00000000c24f3fc0,0x00000000c4300000)
 Metaspace       used 48419K, committed 49728K, reserved 1114112K
  class space    used 5128K, committed 5696K, reserved 1048576K
}
Event: 15.427 GC heap before
{Heap before GC invocations=25 (full 2):
 PSYoungGen      total 24576K, used 24066K [0x00000000eab00000, 0x00000000ecb00000, 0x0000000100000000)
  eden space 22016K, 100% used [0x00000000eab00000,0x00000000ec080000,0x00000000ec080000)
  from space 2560K, 80% used [0x00000000ec880000,0x00000000eca80800,0x00000000ecb00000)
  to   space 2560K, 0% used [0x00000000ec600000,0x00000000ec600000,0x00000000ec880000)
 ParOldGen       total 68608K, used 37839K [0x00000000c0000000, 0x00000000c4300000, 0x00000000eab00000)
  object space 68608K, 55% used [0x00000000c0000000,0x00000000c24f3fc0,0x00000000c4300000)
 Metaspace       used 49799K, committed 51072K, reserved 1114112K
  class space    used 5313K, committed 5888K, reserved 1048576K
}
Event: 15.430 GC heap after
{Heap after GC invocations=25 (full 2):
 PSYoungGen      total 24064K, used 1607K [0x00000000eab00000, 0x00000000ec900000, 0x0000000100000000)
  eden space 22016K, 0% used [0x00000000eab00000,0x00000000eab00000,0x00000000ec080000)
  from space 2048K, 78% used [0x00000000ec600000,0x00000000ec791db8,0x00000000ec800000)
  to   space 1024K, 0% used [0x00000000ec800000,0x00000000ec800000,0x00000000ec900000)
 ParOldGen       total 68608K, used 39736K [0x00000000c0000000, 0x00000000c4300000, 0x00000000eab00000)
  object space 68608K, 57% used [0x00000000c0000000,0x00000000c26ce040,0x00000000c4300000)
 Metaspace       used 49799K, committed 51072K, reserved 1114112K
  class space    used 5313K, committed 5888K, reserved 1048576K
}
Event: 15.814 GC heap before
{Heap before GC invocations=26 (full 2):
 PSYoungGen      total 24064K, used 23623K [0x00000000eab00000, 0x00000000ec900000, 0x0000000100000000)
  eden space 22016K, 100% used [0x00000000eab00000,0x00000000ec080000,0x00000000ec080000)
  from space 2048K, 78% used [0x00000000ec600000,0x00000000ec791db8,0x00000000ec800000)
  to   space 1024K, 0% used [0x00000000ec800000,0x00000000ec800000,0x00000000ec900000)
 ParOldGen       total 68608K, used 39736K [0x00000000c0000000, 0x00000000c4300000, 0x00000000eab00000)
  object space 68608K, 57% used [0x00000000c0000000,0x00000000c26ce040,0x00000000c4300000)
 Metaspace       used 51246K, committed 52544K, reserved 1114112K
  class space    used 5462K, committed 6016K, reserved 1048576K
}
Event: 15.816 GC heap after
{Heap after GC invocations=26 (full 2):
 PSYoungGen      total 22528K, used 448K [0x00000000eab00000, 0x00000000ec880000, 0x0000000100000000)
  eden space 22016K, 0% used [0x00000000eab00000,0x00000000eab00000,0x00000000ec080000)
  from space 512K, 87% used [0x00000000ec800000,0x00000000ec870000,0x00000000ec880000)
  to   space 1024K, 0% used [0x00000000ec680000,0x00000000ec680000,0x00000000ec780000)
 ParOldGen       total 68608K, used 41240K [0x00000000c0000000, 0x00000000c4300000, 0x00000000eab00000)
  object space 68608K, 60% used [0x00000000c0000000,0x00000000c2846398,0x00000000c4300000)
 Metaspace       used 51246K, committed 52544K, reserved 1114112K
  class space    used 5462K, committed 6016K, reserved 1048576K
}
Event: 16.018 GC heap before
{Heap before GC invocations=27 (full 2):
 PSYoungGen      total 22528K, used 22311K [0x00000000eab00000, 0x00000000ec880000, 0x0000000100000000)
  eden space 22016K, 99% used [0x00000000eab00000,0x00000000ec059ea8,0x00000000ec080000)
  from space 512K, 87% used [0x00000000ec800000,0x00000000ec870000,0x00000000ec880000)
  to   space 1024K, 0% used [0x00000000ec680000,0x00000000ec680000,0x00000000ec780000)
 ParOldGen       total 68608K, used 41240K [0x00000000c0000000, 0x00000000c4300000, 0x00000000eab00000)
  object space 68608K, 60% used [0x00000000c0000000,0x00000000c2846398,0x00000000c4300000)
 Metaspace       used 52633K, committed 53952K, reserved 1114112K
  class space    used 5583K, committed 6144K, reserved 1048576K
}
Event: 16.019 GC heap after
{Heap after GC invocations=27 (full 2):
 PSYoungGen      total 23040K, used 1020K [0x00000000eab00000, 0x00000000ec880000, 0x0000000100000000)
  eden space 22016K, 0% used [0x00000000eab00000,0x00000000eab00000,0x00000000ec080000)
  from space 1024K, 99% used [0x00000000ec680000,0x00000000ec77f318,0x00000000ec780000)
  to   space 1024K, 0% used [0x00000000ec780000,0x00000000ec780000,0x00000000ec880000)
 ParOldGen       total 68608K, used 42161K [0x00000000c0000000, 0x00000000c4300000, 0x00000000eab00000)
  object space 68608K, 61% used [0x00000000c0000000,0x00000000c292c4b0,0x00000000c4300000)
 Metaspace       used 52633K, committed 53952K, reserved 1114112K
  class space    used 5583K, committed 6144K, reserved 1048576K
}
Event: 16.083 GC heap before
{Heap before GC invocations=28 (full 2):
 PSYoungGen      total 23040K, used 23036K [0x00000000eab00000, 0x00000000ec880000, 0x0000000100000000)
  eden space 22016K, 100% used [0x00000000eab00000,0x00000000ec080000,0x00000000ec080000)
  from space 1024K, 99% used [0x00000000ec680000,0x00000000ec77f318,0x00000000ec780000)
  to   space 1024K, 0% used [0x00000000ec780000,0x00000000ec780000,0x00000000ec880000)
 ParOldGen       total 68608K, used 42161K [0x00000000c0000000, 0x00000000c4300000, 0x00000000eab00000)
  object space 68608K, 61% used [0x00000000c0000000,0x00000000c292c4b0,0x00000000c4300000)
 Metaspace       used 52645K, committed 53952K, reserved 1114112K
  class space    used 5583K, committed 6144K, reserved 1048576K
}
Event: 16.084 GC heap after
{Heap after GC invocations=28 (full 2):
 PSYoungGen      total 22528K, used 354K [0x00000000eab00000, 0x00000000ec800000, 0x0000000100000000)
  eden space 22016K, 0% used [0x00000000eab00000,0x00000000eab00000,0x00000000ec080000)
  from space 512K, 69% used [0x00000000ec780000,0x00000000ec7d8b18,0x00000000ec800000)
  to   space 1024K, 0% used [0x00000000ec600000,0x00000000ec600000,0x00000000ec700000)
 ParOldGen       total 68608K, used 43181K [0x00000000c0000000, 0x00000000c4300000, 0x00000000eab00000)
  object space 68608K, 62% used [0x00000000c0000000,0x00000000c2a2b7c8,0x00000000c4300000)
 Metaspace       used 52645K, committed 53952K, reserved 1114112K
  class space    used 5583K, committed 6144K, reserved 1048576K
}

